0 info it worked if it ends with ok
1 verbose cli [ '/osszoneuser/osszone/user/nodeuser/node/bin/node',
1 verbose cli   '/osszoneuser/osszone/user/nodeuser/node/bin/npm',
1 verbose cli   'start' ]
2 info using npm@1.4.14
3 info using node@v0.10.29
4 verbose node symlink /osszoneuser/osszone/user/nodeuser/node/bin/node
5 verbose run-script [ 'prestart', 'start', 'poststart' ]
6 info prestart floor-plan-server-app@0.0.1
7 info start floor-plan-server-app@0.0.1
8 verbose unsafe-perm in lifecycle true
9 info floor-plan-server-app@0.0.1 Failed to exec start script
10 error floor-plan-server-app@0.0.1 start: `app/app.js`
10 error Exit status 2
11 error Failed at the floor-plan-server-app@0.0.1 start script.
11 error This is most likely a problem with the floor-plan-server-app package,
11 error not with npm itself.
11 error Tell the author that this fails on your system:
11 error     app/app.js
11 error You can get their info via:
11 error     npm owner ls floor-plan-server-app
11 error There is likely additional logging output above.
12 error System Linux 2.6.32-279.5.2.el6.x86_64
13 error command "/osszoneuser/osszone/user/nodeuser/node/bin/node" "/osszoneuser/osszone/user/nodeuser/node/bin/npm" "start"
14 error cwd /osszoneuser/osszone/user/smbuser/github-repo/my-learning-repo/node/apps/floor-plan/server
15 error node -v v0.10.29
16 error npm -v 1.4.14
17 error code ELIFECYCLE
18 verbose exit [ 1, true ]
